⚠ Warning: Next.js inferred your workspace root, but it may not be correct.
 We detected multiple lockfiles and selected the directory of /Users/kemalbagaskoro/package-lock.json as the root directory.
 To silence this warning, set `outputFileTracingRoot` in your Next.js config, or consider removing one of the lockfiles if it's not needed.
   See https://nextjs.org/docs/app/api-reference/config/next-config-js/output#caveats for more information.
 Detected additional lockfiles: 
   * /Users/kemalbagaskoro/Desktop/Pencatat Keuangan/app/package-lock.json

▲ Next.js 16.1.6 (webpack)
- Local:         http://localhost:3000
- Network:       http://10.70.79.127:3000
- Environments: .env

✓ Starting...
⚠ The "middleware" file convention is deprecated. Please use "proxy" instead. Learn more: https://nextjs.org/docs/messages/middleware-to-proxy
✓ Ready in 1125ms
⨯ Error [PrismaClientInitializationError]: `PrismaClient` needs to be constructed with a non-empty, valid `PrismaClientOptions`:

```
new PrismaClient({
  ...
})
```

or

```
constructor() {
  super({ ... });
}
```
          
    at eval (src/lib/prisma.ts:5:49)
    at <unknown> (rsc)/./src/lib/prisma.ts (/Users/kemalbagaskoro/Desktop/Pencatat Keuangan/app/.next/dev/server/app/api/auth/login/route.js:76:1)
    at eval (webpack-internal:///(rsc)/./src/lib/auth.ts:13:69)
    at <unknown> (rsc)/./src/lib/auth.ts (/Users/kemalbagaskoro/Desktop/Pencatat Keuangan/app/.next/dev/server/app/api/auth/login/route.js:65:1)
    at eval (webpack-internal:///(rsc)/./src/app/api/auth/login/route.ts:6:67)
    at <unknown> (rsc)/./src/app/api/auth/login/route.ts (/Users/kemalbagaskoro/Desktop/Pencatat Keuangan/app/.next/dev/server/app/api/auth/login/route.js:43:1)
    at __webpack_exec__ (.next/dev/server/app/api/auth/login/route.js:206:39)
    at <unknown> (.next/dev/server/app/api/auth/login/route.js:207:108)
    at <unknown> (.next/dev/server/app/api/auth/login/route.js:207:47)
    at Object.<anonymous> (.next/dev/server/app/api/auth/login/route.js:210:3)
  3 | const globalForPrisma = globalThis as unknown as { prisma: PrismaClient };
  4 |
> 5 | export const prisma = globalForPrisma.prisma || new PrismaClient();
    |                                                 ^
  6 |
  7 | if (process.env.NODE_ENV !== "production") globalForPrisma.prisma = prisma;
  8 | {
  clientVersion: '7.5.0',
  errorCode: undefined,
  retryable: undefined,
  page: '/api/auth/login'
}
<w> [webpack.cache.PackFileCacheStrategy] Caching failed for pack: Error: ENOENT: no such file or directory, open '/Users/kemalbagaskoro/Desktop/Pencatat Keuangan/app/.next/dev/cache/webpack/edge-server-development/index.pack.gz_'
⨯ Error: ENOENT: no such file or directory, open '/Users/kemalbagaskoro/Desktop/Pencatat Keuangan/app/.next/dev/server/next-font-manifest.json'
    at ignore-listed frames {
  errno: -2,
  code: 'ENOENT',
  syscall: 'open',
  path: '/Users/kemalbagaskoro/Desktop/Pencatat Keuangan/app/.next/dev/server/next-font-manifest.json'
}
Error [PrismaClientInitializationError]: `PrismaClient` needs to be constructed with a non-empty, valid `PrismaClientOptions`:

```
new PrismaClient({
  ...
})
```

or

```
constructor() {
  super({ ... });
}
```
          
    at eval (src/lib/prisma.ts:5:49)
    at <unknown> (rsc)/./src/lib/prisma.ts (/Users/kemalbagaskoro/Desktop/Pencatat Keuangan/app/.next/dev/server/app/api/auth/login/route.js:76:1)
    at eval (webpack-internal:///(rsc)/./src/lib/auth.ts:13:69)
    at <unknown> (rsc)/./src/lib/auth.ts (/Users/kemalbagaskoro/Desktop/Pencatat Keuangan/app/.next/dev/server/app/api/auth/login/route.js:65:1)
    at eval (webpack-internal:///(rsc)/./src/app/api/auth/login/route.ts:6:67)
    at <unknown> (rsc)/./src/app/api/auth/login/route.ts (/Users/kemalbagaskoro/Desktop/Pencatat Keuangan/app/.next/dev/server/app/api/auth/login/route.js:43:1)
    at __webpack_exec__ (.next/dev/server/app/api/auth/login/route.js:206:39)
    at <unknown> (.next/dev/server/app/api/auth/login/route.js:207:108)
    at <unknown> (.next/dev/server/app/api/auth/login/route.js:207:47)
    at Object.<anonymous> (.next/dev/server/app/api/auth/login/route.js:210:3)
  3 | const globalForPrisma = globalThis as unknown as { prisma: PrismaClient };
  4 |
> 5 | export const prisma = globalForPrisma.prisma || new PrismaClient();
    |                                                 ^
  6 |
  7 | if (process.env.NODE_ENV !== "production") globalForPrisma.prisma = prisma;
  8 | {
  clientVersion: '7.5.0',
  errorCode: undefined,
  retryable: undefined,
  page: '/api/auth/login'
}
⨯ Error: ENOENT: no such file or directory, open '/Users/kemalbagaskoro/Desktop/Pencatat Keuangan/app/.next/dev/server/pages-manifest.json'
    at ignore-listed frames {
  errno: -2,
  code: 'ENOENT',
  syscall: 'open',
  path: '/Users/kemalbagaskoro/Desktop/Pencatat Keuangan/app/.next/dev/server/pages-manifest.json'
}
Error: ENOENT: no such file or directory, open '/Users/kemalbagaskoro/Desktop/Pencatat Keuangan/app/.next/dev/routes-manifest.json'
    at ignore-listed frames {
  errno: -2,
  code: 'ENOENT',
  syscall: 'open',
  path: '/Users/kemalbagaskoro/Desktop/Pencatat Keuangan/app/.next/dev/routes-manifest.json'
}
 POST /api/auth/login 500 in 3.2s (compile: 3.1s, proxy.ts: 44ms, render: 23ms)
 POST /api/auth/login 500 in 3.2s (compile: 3.1s, proxy.ts: 44ms, render: 23ms)
<w> [webpack.cache.PackFileCacheStrategy] Caching failed for pack: Error: ENOENT: no such file or directory, rename '/Users/kemalbagaskoro/Desktop/Pencatat Keuangan/app/.next/dev/cache/webpack/client-development/0.pack.gz_' -> '/Users/kemalbagaskoro/Desktop/Pencatat Keuangan/app/.next/dev/cache/webpack/client-development/0.pack.gz'
<w> [webpack.cache.PackFileCacheStrategy] Caching failed for pack: Error: ENOENT: no such file or directory, rename '/Users/kemalbagaskoro/Desktop/Pencatat Keuangan/app/.next/dev/cache/webpack/client-development-fallback/0.pack.gz_' -> '/Users/kemalbagaskoro/Desktop/Pencatat Keuangan/app/.next/dev/cache/webpack/client-development-fallback/0.pack.gz'
⨯ The file "./src/proxy.ts" must export a function, either as a default export or as a named "proxy" export.
This function is what Next.js runs for every request handled by this proxy (previously called middleware).

Why this happens:
- You are migrating from `middleware` to `proxy`, but haven't updated the exported function.
- The file exists but doesn't export a function.
- The export is not a function (e.g., an object or constant).
- There's a syntax error preventing the export from being recognized.

To fix it:
- Ensure this file has either a default or "proxy" function export.

Learn more: https://nextjs.org/docs/messages/middleware-to-proxy
⚠ Found a change in next.config.ts. Restarting the server to apply the changes...
▲ Next.js 16.1.6 (webpack)
- Local:         http://localhost:3000
- Network:       http://10.70.79.127:3000
- Environments: .env

✓ Starting...
✓ Ready in 954ms
